<?xml version="1.0" encoding="UTF-8"?>
<!-- Generated by org.testng.reporters.JUnitReportReporter -->
<testsuite hostname="Sapphirus-SS178" failures="0" tests="1" name="com.cucumber.TestRunner.ApplicationQuestionRunner" time="42.789" errors="0" timestamp="2025-01-14T21:22:21 IST" skipped="0">
  <testcase classname="com.cucumber.TestRunner.ApplicationQuestionRunner" name="runScenario" time="42.789"/>
  <system-out>
    <![CDATA[About to begin executing following method : AbstractTestNGCucumberTests.runScenario
Completed executing following method : AbstractTestNGCucumberTests.runScenario
Test Method resides in com.cucumber.TestRunner.ApplicationQuestionRunner
Test Method had the following parameters : null"Verify the Create Questions in Application Questions","Administrator - Application Questions.",
Test Status: Pass]]>
  </system-out>
</testsuite> <!-- com.cucumber.TestRunner.ApplicationQuestionRunner -->
